Using pre-set license
Built from '2022.3/staging' branch; Version is '2022.3.13f1 (5f90a5ebde0f) revision 6262949'; Using compiler version '192829333'; Build Type 'Release'
OS: 'Windows 11  (10.0.22631) 64bit CoreSingleLanguage' Language: 'es' Physical Memory: 15894 MB
BatchMode: 1, IsHumanControllingUs: 0, StartBugReporterOnCrash: 0, Is64bit: 1, IsPro: 1

COMMAND LINE ARGUMENTS:
C:\Program Files\Unity\Hub\Editor\2022.3.13f1\Editor\Unity.exe
-adb2
-batchMode
-noUpm
-name
AssetImportWorker2
-projectPath
C:/Users/JESUS ADRIAN/Desktop/Adrian_Barrera/Adrian_Barrera/Sabado 2025 1
-logFile
Logs/AssetImportWorker2.log
-srvPort
43046
Successfully changed project path to: C:/Users/JESUS ADRIAN/Desktop/Adrian_Barrera/Adrian_Barrera/Sabado 2025 1
C:/Users/JESUS ADRIAN/Desktop/Adrian_Barrera/Adrian_Barrera/Sabado 2025 1
[UnityMemory] Configuration Parameters - Can be set up in boot.config
    "memorysetup-bucket-allocator-granularity=16"
    "memorysetup-bucket-allocator-bucket-count=8"
    "memorysetup-bucket-allocator-block-size=33554432"
    "memorysetup-bucket-allocator-block-count=8"
    "memorysetup-main-allocator-block-size=16777216"
    "memorysetup-thread-allocator-block-size=16777216"
    "memorysetup-gfx-main-allocator-block-size=16777216"
    "memorysetup-gfx-thread-allocator-block-size=16777216"
    "memorysetup-cache-allocator-block-size=4194304"
    "memorysetup-typetree-allocator-block-size=2097152"
    "memorysetup-profiler-bucket-allocator-granularity=16"
    "memorysetup-profiler-bucket-allocator-bucket-count=8"
    "memorysetup-profiler-bucket-allocator-block-size=33554432"
    "memorysetup-profiler-bucket-allocator-block-count=8"
    "memorysetup-profiler-allocator-block-size=16777216"
    "memorysetup-profiler-editor-allocator-block-size=1048576"
    "memorysetup-temp-allocator-size-main=16777216"
    "memorysetup-job-temp-allocator-block-size=2097152"
    "memorysetup-job-temp-allocator-block-size-background=1048576"
    "memorysetup-job-temp-allocator-reduction-small-platforms=262144"
    "memorysetup-allocator-temp-initial-block-size-main=262144"
    "memorysetup-allocator-temp-initial-block-size-worker=262144"
    "memorysetup-temp-allocator-size-background-worker=32768"
    "memorysetup-temp-allocator-size-job-worker=262144"
    "memorysetup-temp-allocator-size-preload-manager=33554432"
    "memorysetup-temp-allocator-size-nav-mesh-worker=65536"
    "memorysetup-temp-allocator-size-audio-worker=65536"
    "memorysetup-temp-allocator-size-cloud-worker=32768"
    "memorysetup-temp-allocator-size-gi-baking-worker=262144"
    "memorysetup-temp-allocator-size-gfx=262144"
Player connection [3212] Host "[IP] 192.168.1.73 [Port] 0 [Flags] 2 [Guid] 707792004 [EditorId] 707792004 [Version] 1048832 [Id] WindowsEditor(7,ADRIAN) [Debug] 1 [PackageName] WindowsEditor [ProjectName] Editor" joined multi-casting on [225.0.0.222:54997]...

Player connection [3212] Host "[IP] 192.168.1.73 [Port] 0 [Flags] 2 [Guid] 707792004 [EditorId] 707792004 [Version] 1048832 [Id] WindowsEditor(7,ADRIAN) [Debug] 1 [PackageName] WindowsEditor [ProjectName] Editor" joined alternative multi-casting on [225.0.0.222:34997]...

[Physics::Module] Initialized MultithreadedJobDispatcher with 17 workers.
Refreshing native plugins compatible for Editor in 8.44 ms, found 4 plugins.
Preloading 0 native plugins for Editor in 0.00 ms.
Initialize engine version: 2022.3.13f1 (5f90a5ebde0f)
[Subsystems] Discovering subsystems at path C:/Program Files/Unity/Hub/Editor/2022.3.13f1/Editor/Data/Resources/UnitySubsystems
[Subsystems] Discovering subsystems at path C:/Users/JESUS ADRIAN/Desktop/Adrian_Barrera/Adrian_Barrera/Sabado 2025 1/Assets
GfxDevice: creating device client; threaded=0; jobified=0
Direct3D:
    Version:  Direct3D 11.0 [level 11.1]
    Renderer: Intel(R) Arc(TM) Graphics (ID=0x7d55)
    Vendor:   Intel
    VRAM:     7947 MB
    Driver:   31.0.101.5522
Initialize mono
Mono path[0] = 'C:/Program Files/Unity/Hub/Editor/2022.3.13f1/Editor/Data/Managed'
Mono path[1] = 'C:/Program Files/Unity/Hub/Editor/2022.3.13f1/Editor/Data/MonoBleedingEdge/lib/mono/unityjit-win32'
Mono config path = 'C:/Program Files/Unity/Hub/Editor/2022.3.13f1/Editor/Data/MonoBleedingEdge/etc'
Using monoOptions --debugger-agent=transport=dt_socket,embedding=1,server=y,suspend=n,address=127.0.0.1:56720
Begin MonoManager ReloadAssembly
Registering precompiled unity dll's ...
Register platform support module: C:/Program Files/Unity/Hub/Editor/2022.3.13f1/Editor/Data/PlaybackEngines/WebGLSupport/UnityEditor.WebGL.Extensions.dll
Register platform support module: C:/Program Files/Unity/Hub/Editor/2022.3.13f1/Editor/Data/PlaybackEngines/AndroidPlayer/UnityEditor.Android.Extensions.dll
Register platform support module: C:/Program Files/Unity/Hub/Editor/2022.3.13f1/Editor/Data/PlaybackEngines/WindowsStandaloneSupport/UnityEditor.WindowsStandalone.Extensions.dll
Registered in 1.042739 seconds.
- Loaded All Assemblies, in  7.048 seconds
Native extension for WindowsStandalone target not found
Native extension for Android target not found
Android Extension - Scanning For ADB Devices 417 ms
Native extension for WebGL target not found
Mono: successfully reloaded assembly
- Finished resetting the current domain, in  0.819 seconds
Domain Reload Profiling: 7865ms
	BeginReloadAssembly (4002ms)
		ExecutionOrderSort (0ms)
		DisableScriptedObjects (0ms)
		BackupInstance (0ms)
		ReleaseScriptingObjects (0ms)
		CreateAndSetChildDomain (1ms)
	RebuildCommonClasses (382ms)
	RebuildNativeTypeToScriptingClass (15ms)
	initialDomainReloadingComplete (1103ms)
	LoadAllAssembliesAndSetupDomain (1544ms)
		LoadAssemblies (4003ms)
		RebuildTransferFunctionScriptingTraits (0ms)
		AnalyzeDomain (1537ms)
			TypeCache.Refresh (1534ms)
				TypeCache.ScanAssembly (1516ms)
			ScanForSourceGeneratedMonoScriptInfo (1ms)
			ResolveRequiredComponents (1ms)
	FinalizeReload (820ms)
		ReleaseScriptCaches (0ms)
		RebuildScriptCaches (0ms)
		SetupLoadedEditorAssemblies (751ms)
			LogAssemblyErrors (0ms)
			InitializePlatformSupportModulesInManaged (541ms)
			SetLoadedEditorAssemblies (7ms)
			RefreshPlugins (0ms)
			BeforeProcessingInitializeOnLoad (2ms)
			ProcessInitializeOnLoadAttributes (129ms)
			ProcessInitializeOnLoadMethodAttributes (71ms)
			AfterProcessingInitializeOnLoad (0ms)
			EditorAssembliesLoaded (0ms)
		ExecutionOrderSort2 (0ms)
		AwakeInstancesAfterBackupRestoration (0ms)
========================================================================
Worker process is ready to serve import requests
Begin MonoManager ReloadAssembly
- Loaded All Assemblies, in 19.040 seconds
Refreshing native plugins compatible for Editor in 4.17 ms, found 4 plugins.
Native extension for WindowsStandalone target not found
Native extension for Android target not found
Native extension for WebGL target not found
Package Manager log level set to [2]
[Package Manager] Server::EnsureServerProcessIsRunning -- launch failed, reason: Unity was launched with the -noUpm command-line argument
[Package Manager] UpmClient::Send -- Unable to send message (not connected to UPM process).
[Package Manager] Cannot connect to Unity Package Manager local server
Mono: successfully reloaded assembly
- Finished resetting the current domain, in  0.702 seconds
Domain Reload Profiling: 19741ms
	BeginReloadAssembly (217ms)
		ExecutionOrderSort (0ms)
		DisableScriptedObjects (11ms)
		BackupInstance (0ms)
		ReleaseScriptingObjects (0ms)
		CreateAndSetChildDomain (30ms)
	RebuildCommonClasses (33ms)
	RebuildNativeTypeToScriptingClass (9ms)
	initialDomainReloadingComplete (40ms)
	LoadAllAssembliesAndSetupDomain (18739ms)
		LoadAssemblies (17412ms)
		RebuildTransferFunctionScriptingTraits (0ms)
		AnalyzeDomain (1423ms)
			TypeCache.Refresh (1396ms)
				TypeCache.ScanAssembly (1370ms)
			ScanForSourceGeneratedMonoScriptInfo (20ms)
			ResolveRequiredComponents (3ms)
	FinalizeReload (703ms)
		ReleaseScriptCaches (0ms)
		RebuildScriptCaches (0ms)
		SetupLoadedEditorAssemblies (509ms)
			LogAssemblyErrors (0ms)
			InitializePlatformSupportModulesInManaged (32ms)
			SetLoadedEditorAssemblies (8ms)
			RefreshPlugins (0ms)
			BeforeProcessingInitializeOnLoad (75ms)
			ProcessInitializeOnLoadAttributes (352ms)
			ProcessInitializeOnLoadMethodAttributes (37ms)
			AfterProcessingInitializeOnLoad (5ms)
			EditorAssembliesLoaded (0ms)
		ExecutionOrderSort2 (0ms)
		AwakeInstancesAfterBackupRestoration (7ms)
Launched and connected shader compiler UnityShaderCompiler.exe after 0.05 seconds
Refreshing native plugins compatible for Editor in 5.30 ms, found 4 plugins.
Preloading 0 native plugins for Editor in 0.00 ms.
Unloading 4207 Unused Serialized files (Serialized files now loaded: 0)
Unloading 65 unused Assets / (62.0 KB). Loaded Objects now: 4673.
Memory consumption went from 158.1 MB to 158.0 MB.
Total: 4.319600 ms (FindLiveObjects: 0.337900 ms CreateObjectMapping: 0.277300 ms MarkObjects: 3.507400 ms  DeleteObjects: 0.195400 ms)

AssetImportParameters requested are different than current active one (requested -> active):
  custom:container-demuxer-ogg: 62fdf1f143b41e24485cea50d1cbac27 -> 
  custom:video-codec-MediaFoundation-h265: 746d11721c4dcdbdad8f713fa42b33f4 -> 
  custom:video-decoder-ogg-theora: a1e56fd34408186e4bbccfd4996cb3dc -> 
  custom:framework-win-MediaFoundation: 216162199b28c13a410421893ffa2e32 -> 
  custom:CustomObjectIndexerAttribute: 756ad292c208cfabdd7b50bc23989ffe -> 
  custom:container-demuxer-webm: 4f35f7cbe854078d1ac9338744f61a02 -> 
  custom:container-muxer-webm: aa71ff27fc2769a1b78a27578f13a17b -> 
  custom:video-decoder-webm-vp8: 9c59270c3fd7afecdb556c50c9e8de78 -> 
  custom:SearchIndexIgnoredProperties: e643bd26f0fe6173181afceb89e7c659 -> 
  custom:AudioImporter_EditorPlatform: d09bf68614088b80899f8185d706f6e7 -> 
  custom:video-encoder-webm-vp8: eb34c28f22e8b96e1ab97ce403110664 -> 
  custom:audio-decoder-ogg-vorbis: bf7c407c2cedff20999df2af8eb42d56 -> 
  custom:audio-encoder-webm-vorbis: bf7c407c2cedff20999df2af8eb42d56 -> 
========================================================================
Received Import Request.
  Time since last request: 831581.280942 seconds.
  path: Assets/Agent Free Version/Attack/C_Attack_EAST.png
  artifactKey: Guid(c4c26380704e970489878316c1845663) Importer(815301076,1909f56bfc062723c751e8b465ee728b)
Start importing Assets/Agent Free Version/Attack/C_Attack_EAST.png using Guid(c4c26380704e970489878316c1845663) Importer(815301076,1909f56bfc062723c751e8b465ee728b)  -> (artifact id: '2ecfc9c96f943aca94133eaa5e863fcd') in 0.071989 seconds
Number of updated asset objects reloaded before import = 0
Number of asset objects unloaded after import = 2
========================================================================
Received Import Request.
  Time since last request: 0.000042 seconds.
  path: Assets/Agent Free Version/Idle/C_Idle_EAST_strip4.png
  artifactKey: Guid(694ae0e5a4419c9478c186a7d5a6a46d) Importer(815301076,1909f56bfc062723c751e8b465ee728b)
Start importing Assets/Agent Free Version/Idle/C_Idle_EAST_strip4.png using Guid(694ae0e5a4419c9478c186a7d5a6a46d) Importer(815301076,1909f56bfc062723c751e8b465ee728b)  -> (artifact id: 'fcf8b37c554b765089d14e46d5889748') in 0.025138 seconds
Number of updated asset objects reloaded before import = 0
Number of asset objects unloaded after import = 2
========================================================================
Received Import Request.
  Time since last request: 0.000022 seconds.
  path: Assets/Agent Free Version
  artifactKey: Guid(16659ab62cd4c5c408fce32677fe52f2) Importer(815301076,1909f56bfc062723c751e8b465ee728b)
Start importing Assets/Agent Free Version using Guid(16659ab62cd4c5c408fce32677fe52f2) Importer(815301076,1909f56bfc062723c751e8b465ee728b)  -> (artifact id: '9bd9a23b51c58ff3929facc31a7cd852') in 0.000886 seconds
Number of updated asset objects reloaded before import = 0
Number of asset objects unloaded after import = 0
========================================================================
Received Import Request.
  Time since last request: 0.000214 seconds.
  path: Assets/Agent Free Version/Attack/C_Attack_SpriteSheet_4way.bmp
  artifactKey: Guid(576666a6c970b7e4fbcf7d16f9d8c891) Importer(815301076,1909f56bfc062723c751e8b465ee728b)
Start importing Assets/Agent Free Version/Attack/C_Attack_SpriteSheet_4way.bmp using Guid(576666a6c970b7e4fbcf7d16f9d8c891) Importer(815301076,1909f56bfc062723c751e8b465ee728b)  -> (artifact id: '9a3953f1bfe0a006e139d9708a75ff6c') in 0.021654 seconds
Number of updated asset objects reloaded before import = 0
Number of asset objects unloaded after import = 2
========================================================================
Received Import Request.
  Time since last request: 0.000025 seconds.
  path: Assets/Agent Free Version/Hit/C_Hit_SpriteSheet_4way.bmp
  artifactKey: Guid(5b3307f38d7c55d46a44f321ecf83108) Importer(815301076,1909f56bfc062723c751e8b465ee728b)
Start importing Assets/Agent Free Version/Hit/C_Hit_SpriteSheet_4way.bmp using Guid(5b3307f38d7c55d46a44f321ecf83108) Importer(815301076,1909f56bfc062723c751e8b465ee728b)  -> (artifact id: 'ab6d8b432f97234f4f2cef11279782ae') in 0.023354 seconds
Number of updated asset objects reloaded before import = 0
Number of asset objects unloaded after import = 2
========================================================================
Received Import Request.
  Time since last request: 0.000036 seconds.
  path: Assets/Agent Free Version/Attack/C_Attack_SpriteSheet_4way.png
  artifactKey: Guid(1b2f720dabe936b43ae3e3b90038f60f) Importer(815301076,1909f56bfc062723c751e8b465ee728b)
Start importing Assets/Agent Free Version/Attack/C_Attack_SpriteSheet_4way.png using Guid(1b2f720dabe936b43ae3e3b90038f60f) Importer(815301076,1909f56bfc062723c751e8b465ee728b)  -> (artifact id: 'a4a365d32a9e02b7b412f63c68df6f20') in 0.020204 seconds
Number of updated asset objects reloaded before import = 0
Number of asset objects unloaded after import = 2
========================================================================
Received Import Request.
  Time since last request: 791.615491 seconds.
  path: Assets/Agent Free Version/Idle/C_Idle_EAST_strip4.png
  artifactKey: Guid(694ae0e5a4419c9478c186a7d5a6a46d) Importer(815301076,1909f56bfc062723c751e8b465ee728b)
Start importing Assets/Agent Free Version/Idle/C_Idle_EAST_strip4.png using Guid(694ae0e5a4419c9478c186a7d5a6a46d) Importer(815301076,1909f56bfc062723c751e8b465ee728b)  -> (artifact id: '34d65b275ca934d0b284e1a9db4b5d55') in 0.027429 seconds
Number of updated asset objects reloaded before import = 0
Number of asset objects unloaded after import = 2
========================================================================
Received Import Request.
  Time since last request: 257.989006 seconds.
  path: Assets/Agent Free Version/Idle/C_Idle_EAST_strip4.png
  artifactKey: Guid(694ae0e5a4419c9478c186a7d5a6a46d) Importer(815301076,1909f56bfc062723c751e8b465ee728b)
Start importing Assets/Agent Free Version/Idle/C_Idle_EAST_strip4.png using Guid(694ae0e5a4419c9478c186a7d5a6a46d) Importer(815301076,1909f56bfc062723c751e8b465ee728b)  -> (artifact id: '16080f8ec9b7629f64597070ca405e23') in 0.046320 seconds
Number of updated asset objects reloaded before import = 0
Number of asset objects unloaded after import = 6
========================================================================
Received Import Request.
  Time since last request: 63.601302 seconds.
  path: Assets/Agent Free Version/Death/Agent_Death_SpriteSheet_4way.png
  artifactKey: Guid(f51d491010fc8694fa2987c8ed790533) Importer(815301076,1909f56bfc062723c751e8b465ee728b)
Start importing Assets/Agent Free Version/Death/Agent_Death_SpriteSheet_4way.png using Guid(f51d491010fc8694fa2987c8ed790533) Importer(815301076,1909f56bfc062723c751e8b465ee728b)  -> (artifact id: '16ad49f0580736d100eda00981004e85') in 0.024071 seconds
Number of updated asset objects reloaded before import = 0
Number of asset objects unloaded after import = 2
========================================================================
Received Import Request.
  Time since last request: 0.000405 seconds.
  path: Assets/Agent Free Version/Death/C_Death_WEST_strip4.png
  artifactKey: Guid(30a2d1366cdd604438e983d495bc146a) Importer(815301076,1909f56bfc062723c751e8b465ee728b)
Start importing Assets/Agent Free Version/Death/C_Death_WEST_strip4.png using Guid(30a2d1366cdd604438e983d495bc146a) Importer(815301076,1909f56bfc062723c751e8b465ee728b)  -> (artifact id: 'cc980c64d3613b130a26307e96683264') in 0.025753 seconds
Number of updated asset objects reloaded before import = 0
Number of asset objects unloaded after import = 2
========================================================================
Received Import Request.
  Time since last request: 0.000039 seconds.
  path: Assets/Agent Free Version/Death/C_Death_SOUTH_strip4.png
  artifactKey: Guid(2c7d10f951f1af043aac51ec2b7cee7d) Importer(815301076,1909f56bfc062723c751e8b465ee728b)
Start importing Assets/Agent Free Version/Death/C_Death_SOUTH_strip4.png using Guid(2c7d10f951f1af043aac51ec2b7cee7d) Importer(815301076,1909f56bfc062723c751e8b465ee728b)  -> (artifact id: '8aaabbbaac396aeb2822c7abf36a67ab') in 0.020361 seconds
Number of updated asset objects reloaded before import = 0
Number of asset objects unloaded after import = 2
========================================================================
Received Import Request.
  Time since last request: 24.278958 seconds.
  path: Assets/Agent Free Version/Pull/Agent_Pull_SpriteSheet_4way.bmp
  artifactKey: Guid(2ad35e3a39cda4c4aa9128027bb8826b) Importer(815301076,1909f56bfc062723c751e8b465ee728b)
Start importing Assets/Agent Free Version/Pull/Agent_Pull_SpriteSheet_4way.bmp using Guid(2ad35e3a39cda4c4aa9128027bb8826b) Importer(815301076,1909f56bfc062723c751e8b465ee728b)  -> (artifact id: '4bdf197fd2578b691e067cc1ab74c907') in 0.023396 seconds
Number of updated asset objects reloaded before import = 0
Number of asset objects unloaded after import = 2
========================================================================
Received Import Request.
  Time since last request: 0.000513 seconds.
  path: Assets/Agent Free Version/Pull/C_Pull_NORTH_strip4.png
  artifactKey: Guid(ef22b06ed6560ca40b5cf6a3b57c8e20) Importer(815301076,1909f56bfc062723c751e8b465ee728b)
Start importing Assets/Agent Free Version/Pull/C_Pull_NORTH_strip4.png using Guid(ef22b06ed6560ca40b5cf6a3b57c8e20) Importer(815301076,1909f56bfc062723c751e8b465ee728b)  -> (artifact id: '90f92c75a01c28863e25e7ceb109d47a') in 0.018651 seconds
Number of updated asset objects reloaded before import = 0
Number of asset objects unloaded after import = 2
========================================================================
Received Import Request.
  Time since last request: 0.000019 seconds.
  path: Assets/Agent Free Version/Pull/C_Pull_SOUTH_strip4.png
  artifactKey: Guid(25eed3b51c6465443bd980d76c956632) Importer(815301076,1909f56bfc062723c751e8b465ee728b)
Start importing Assets/Agent Free Version/Pull/C_Pull_SOUTH_strip4.png using Guid(25eed3b51c6465443bd980d76c956632) Importer(815301076,1909f56bfc062723c751e8b465ee728b)  -> (artifact id: '1d06c206217b1b2931e0ccb685b63e23') in 0.019651 seconds
Number of updated asset objects reloaded before import = 0
Number of asset objects unloaded after import = 2
========================================================================
Received Import Request.
  Time since last request: 125.789982 seconds.
  path: Assets/Agent Free Version/Walk/Agent_Walk_SpriteSheet_4way.bmp
  artifactKey: Guid(1790e50778c0f234b9c174908494b17f) Importer(815301076,1909f56bfc062723c751e8b465ee728b)
Start importing Assets/Agent Free Version/Walk/Agent_Walk_SpriteSheet_4way.bmp using Guid(1790e50778c0f234b9c174908494b17f) Importer(815301076,1909f56bfc062723c751e8b465ee728b)  -> (artifact id: '227aa55d44162c3f3498a421a65147cd') in 0.025485 seconds
Number of updated asset objects reloaded before import = 0
Number of asset objects unloaded after import = 2
========================================================================
Received Import Request.
  Time since last request: 0.000200 seconds.
  path: Assets/Agent Free Version/Walk/C_Idle_SOUTH_strip4.png
  artifactKey: Guid(261ded8d63437e7479a2602522efeb60) Importer(815301076,1909f56bfc062723c751e8b465ee728b)
Start importing Assets/Agent Free Version/Walk/C_Idle_SOUTH_strip4.png using Guid(261ded8d63437e7479a2602522efeb60) Importer(815301076,1909f56bfc062723c751e8b465ee728b)  -> (artifact id: 'acb8576a9c655b58e9c7c811639ba242') in 0.024076 seconds
Number of updated asset objects reloaded before import = 0
Number of asset objects unloaded after import = 2
========================================================================
Received Import Request.
  Time since last request: 0.000319 seconds.
  path: Assets/Agent Free Version/Walk/C_Idle_NORTH_strip4.png
  artifactKey: Guid(82cb12b7f66bc404a93be8b09c559d8a) Importer(815301076,1909f56bfc062723c751e8b465ee728b)
Start importing Assets/Agent Free Version/Walk/C_Idle_NORTH_strip4.png using Guid(82cb12b7f66bc404a93be8b09c559d8a) Importer(815301076,1909f56bfc062723c751e8b465ee728b)  -> (artifact id: 'b510ed7e179e11e5b2161062eab6545a') in 0.023946 seconds
Number of updated asset objects reloaded before import = 0
Number of asset objects unloaded after import = 2
========================================================================
Received Import Request.
  Time since last request: 249.790721 seconds.
  path: Assets/Agent Free Version/Walk/C_Idle_EAST_strip4.png
  artifactKey: Guid(31db39cefc347514ca63740ae64644c2) Importer(815301076,1909f56bfc062723c751e8b465ee728b)
Start importing Assets/Agent Free Version/Walk/C_Idle_EAST_strip4.png using Guid(31db39cefc347514ca63740ae64644c2) Importer(815301076,1909f56bfc062723c751e8b465ee728b)  -> (artifact id: 'd1efd8b4686627310a7f041d856515c4') in 0.023147 seconds
Number of updated asset objects reloaded before import = 0
Number of asset objects unloaded after import = 2
========================================================================
Received Import Request.
  Time since last request: 21.635502 seconds.
  path: Assets/Agent Free Version/Walk/C_Idle_EAST_strip4.png
  artifactKey: Guid(31db39cefc347514ca63740ae64644c2) Importer(815301076,1909f56bfc062723c751e8b465ee728b)
Start importing Assets/Agent Free Version/Walk/C_Idle_EAST_strip4.png using Guid(31db39cefc347514ca63740ae64644c2) Importer(815301076,1909f56bfc062723c751e8b465ee728b)  -> (artifact id: 'c0cb3abaf6ed6fda5c87d72d35ba9b46') in 0.035795 seconds
Number of updated asset objects reloaded before import = 0
Number of asset objects unloaded after import = 6
========================================================================
Received Import Request.
  Time since last request: 42.033585 seconds.
  path: Assets/Agent Free Version/Run/Agent_Run_SpriteSheet_4way.bmp
  artifactKey: Guid(3360b5175b2b58f46b2a4c5623af193b) Importer(815301076,1909f56bfc062723c751e8b465ee728b)
Start importing Assets/Agent Free Version/Run/Agent_Run_SpriteSheet_4way.bmp using Guid(3360b5175b2b58f46b2a4c5623af193b) Importer(815301076,1909f56bfc062723c751e8b465ee728b)  -> (artifact id: 'd91a98206fd89f7aa758b514424a77c3') in 0.024323 seconds
Number of updated asset objects reloaded before import = 0
Number of asset objects unloaded after import = 2
========================================================================
Received Import Request.
  Time since last request: 0.000131 seconds.
  path: Assets/Agent Free Version/Run/C_Run_EAST_strip4.png
  artifactKey: Guid(cd2834bbbb9a25b48a44685e7bd655a0) Importer(815301076,1909f56bfc062723c751e8b465ee728b)
Start importing Assets/Agent Free Version/Run/C_Run_EAST_strip4.png using Guid(cd2834bbbb9a25b48a44685e7bd655a0) Importer(815301076,1909f56bfc062723c751e8b465ee728b)  -> (artifact id: '4fe2f4e1ba1eb536760bed35626962f1') in 0.023051 seconds
Number of updated asset objects reloaded before import = 0
Number of asset objects unloaded after import = 2
========================================================================
Received Import Request.
  Time since last request: 0.000206 seconds.
  path: Assets/Agent Free Version/Run/C_Run_NORTH_strip4.png
  artifactKey: Guid(30931622eef4b7a47ae47a649bd2e12d) Importer(815301076,1909f56bfc062723c751e8b465ee728b)
Start importing Assets/Agent Free Version/Run/C_Run_NORTH_strip4.png using Guid(30931622eef4b7a47ae47a649bd2e12d) Importer(815301076,1909f56bfc062723c751e8b465ee728b)  -> (artifact id: '095c534070d413ae1e16336265ad8887') in 0.020039 seconds
Number of updated asset objects reloaded before import = 0
Number of asset objects unloaded after import = 2
========================================================================
Received Import Request.
  Time since last request: 0.000356 seconds.
  path: Assets/Agent Free Version/Run/C_Run_SOUTH_strip4.png
  artifactKey: Guid(0a9cd0b4bc817c94c9d8f1308717a26e) Importer(815301076,1909f56bfc062723c751e8b465ee728b)
Start importing Assets/Agent Free Version/Run/C_Run_SOUTH_strip4.png using Guid(0a9cd0b4bc817c94c9d8f1308717a26e) Importer(815301076,1909f56bfc062723c751e8b465ee728b)  -> (artifact id: 'd26ac418d947205d67f3fe24b7b2eafc') in 0.024113 seconds
Number of updated asset objects reloaded before import = 0
Number of asset objects unloaded after import = 2
Editor requested this worker to shutdown with reason: Scaling down because of idle timeout
TcpMessagingSession - receive error: operation aborted. errorcode: 995, details: La operación de E/S se anuló por una salida de subproceso o por una solicitud de aplicación.
AssetImportWorker is now disconnected from the server
Process exiting
Exiting without the bug reporter. Application will terminate with return code 0